android/app/build/intermediates/manifest_merge_blame_file/debug/manifest-merger-blame-debug-report.txt
1<?xml version="1.0" encoding="utf-8"?>
2<manifest xmlns:android="http://schemas.android.com/apk/res/android"
3    package="io.ionic.starter"
4    android:versionCode="1"
5    android:versionName="1.0" >
6
7    <uses-sdk
8        android:minSdkVersion="21"
8-->src\main\AndroidManifest.xml
9        android:targetSdkVersion="26" />
9-->src\main\AndroidManifest.xml
10
11    <!-- Permissions -->
12
13    <uses-permission android:name="android.permission.INTERNET" />
13-->src\main\AndroidManifest.xml:40:5-67
13-->src\main\AndroidManifest.xml:40:22-64
14    <uses-permission android:name="android.permission.VIBRATE" />
14-->[:capacitor-haptics] AndroidManifest.xml:9:5-66
14-->[:capacitor-haptics] AndroidManifest.xml:9:22-63
15    <uses-permission android:name="android.permission.CALL_PHONE" />
15-->[:capacitor-cordova-android-plugins] AndroidManifest.xml:10:5-69
15-->[:capacitor-cordova-android-plugins] AndroidManifest.xml:10:22-66
16
17    <uses-feature
17-->[:capacitor-cordova-android-plugins] AndroidManifest.xml:12:5-14:36
18        android:name="android.hardware.telephony"
18-->[:capacitor-cordova-android-plugins] AndroidManifest.xml:13:9-50
19        android:required="false" />
19-->[:capacitor-cordova-android-plugins] AndroidManifest.xml:14:9-33
20
21    <uses-permission android:name="android.permission.WRITE_EXTERNAL_STORAGE" />
21-->[:capacitor-cordova-android-plugins] AndroidManifest.xml:17:5-81
21-->[:capacitor-cordova-android-plugins] AndroidManifest.xml:17:22-78
22
23    <queries>
23-->[:capacitor-cordova-android-plugins] AndroidManifest.xml:19:5-36:15
24        <intent>
24-->[:capacitor-cordova-android-plugins] AndroidManifest.xml:20:9-22:18
25            <action android:name="android.media.action.IMAGE_CAPTURE" />
25-->[:capacitor-cordova-android-plugins] AndroidManifest.xml:21:13-73
25-->[:capacitor-cordova-android-plugins] AndroidManifest.xml:21:21-70
26        </intent>
27        <intent>
27-->[:capacitor-cordova-android-plugins] AndroidManifest.xml:23:9-25:18
28            <action android:name="android.intent.action.GET_CONTENT" />
28-->[:capacitor-cordova-android-plugins] AndroidManifest.xml:24:13-72
28-->[:capacitor-cordova-android-plugins] AndroidManifest.xml:24:21-69
29        </intent>
30        <intent>
30-->[:capacitor-cordova-android-plugins] AndroidManifest.xml:26:9-28:18
31            <action android:name="android.intent.action.PICK" />
31-->[:capacitor-cordova-android-plugins] AndroidManifest.xml:27:13-65
31-->[:capacitor-cordova-android-plugins] AndroidManifest.xml:27:21-62
32        </intent>
33        <intent>
33-->[:capacitor-cordova-android-plugins] AndroidManifest.xml:29:9-35:18
34            <action android:name="com.android.camera.action.CROP" />
34-->[:capacitor-cordova-android-plugins] AndroidManifest.xml:30:13-69
34-->[:capacitor-cordova-android-plugins] AndroidManifest.xml:30:21-66
35
36            <data
36-->[:capacitor-cordova-android-plugins] AndroidManifest.xml:32:13-34:44
37                android:mimeType="image/*"
37-->[:capacitor-cordova-android-plugins] AndroidManifest.xml:33:17-43
38                android:scheme="content" />
38-->[:capacitor-cordova-android-plugins] AndroidManifest.xml:34:17-41
39        </intent>
40    </queries>
41
42    <uses-permission android:name="android.permission.READ_EXTERNAL_STORAGE" />
42-->[:capacitor-cordova-android-plugins] AndroidManifest.xml:38:5-80
42-->[:capacitor-cordova-android-plugins] AndroidManifest.xml:38:22-77
43    <uses-permission android:name="android.permission.ACCESS_COARSE_LOCATION" />
43-->[:capacitor-cordova-android-plugins] AndroidManifest.xml:39:5-81
43-->[:capacitor-cordova-android-plugins] AndroidManifest.xml:39:22-78
44    <uses-permission android:name="android.permission.ACCESS_FINE_LOCATION" />
44-->[:capacitor-cordova-android-plugins] AndroidManifest.xml:40:5-79
44-->[:capacitor-cordova-android-plugins] AndroidManifest.xml:40:22-76
45
46    <uses-feature
46-->[:capacitor-cordova-android-plugins] AndroidManifest.xml:42:5-44:35
47        android:name="android.hardware.location.gps"
47-->[:capacitor-cordova-android-plugins] AndroidManifest.xml:43:9-53
48        android:required="true" />
48-->[:capacitor-cordova-android-plugins] AndroidManifest.xml:44:9-32
49
50    <uses-permission android:name="android.permission.ACCESS_NETWORK_STATE" />
50-->[:capacitor-cordova-android-plugins] AndroidManifest.xml:46:5-79
50-->[:capacitor-cordova-android-plugins] AndroidManifest.xml:46:22-76
51
52    <uses-feature
52-->[:capacitor-cordova-android-plugins] AndroidManifest.xml:48:5-50:35
53        android:glEsVersion="0x00020000"
53-->[:capacitor-cordova-android-plugins] AndroidManifest.xml:49:9-41
54        android:required="true" />
54-->[:capacitor-cordova-android-plugins] AndroidManifest.xml:50:9-32
55    <uses-feature android:name="android.hardware.location" /> <!-- Create a unique permission for your app and use it so only your app can receive your OneSignal messages. -->
55-->[:capacitor-cordova-android-plugins] AndroidManifest.xml:51:5-62
55-->[:capacitor-cordova-android-plugins] AndroidManifest.xml:51:19-59
56    <permission
56-->[com.onesignal:OneSignal:4.6.3] AndroidManifest.xml:7:5-9:47
57        android:name="io.ionic.starter.permission.C2D_MESSAGE"
57-->[com.onesignal:OneSignal:4.6.3] AndroidManifest.xml:8:9-63
58        android:protectionLevel="signature" />
58-->[com.onesignal:OneSignal:4.6.3] AndroidManifest.xml:9:9-44
59
60    <uses-permission android:name="io.ionic.starter.permission.C2D_MESSAGE" /> <!-- c2dm RECEIVE are basic requirements for push messages through Google's FCM -->
60-->[com.onesignal:OneSignal:4.6.3] AndroidManifest.xml:11:5-79
60-->[com.onesignal:OneSignal:4.6.3] AndroidManifest.xml:11:22-76
61    <uses-permission android:name="com.google.android.c2dm.permission.RECEIVE" /> <!-- Required, makes sure notifications are delivered on time. -->
61-->[com.onesignal:OneSignal:4.6.3] AndroidManifest.xml:17:5-82
61-->[com.onesignal:OneSignal:4.6.3] AndroidManifest.xml:17:22-79
62    <uses-permission android:name="android.permission.WAKE_LOCK" />
62-->[com.onesignal:OneSignal:4.6.3] AndroidManifest.xml:18:5-68
62-->[com.onesignal:OneSignal:4.6.3] AndroidManifest.xml:18:22-65
63    <!--
64 Use to restore notifications the user hasn't interacted with.
65         They could be missed notifications if the user reboots their device if this isn't in place.
66    -->
67    <uses-permission android:name="android.permission.RECEIVE_BOOT_COMPLETED" /> <!-- START: ShortcutBadger -->
67-->[com.onesignal:OneSignal:4.6.3] AndroidManifest.xml:29:5-81
67-->[com.onesignal:OneSignal:4.6.3] AndroidManifest.xml:29:22-78
68    <!-- Samsung -->
69    <uses-permission android:name="com.sec.android.provider.badge.permission.READ" />
69-->[com.onesignal:OneSignal:4.6.3] AndroidManifest.xml:31:5-86
69-->[com.onesignal:OneSignal:4.6.3] AndroidManifest.xml:31:22-83
70    <uses-permission android:name="com.sec.android.provider.badge.permission.WRITE" /> <!-- HTC -->
70-->[com.onesignal:OneSignal:4.6.3] AndroidManifest.xml:32:5-87
70-->[com.onesignal:OneSignal:4.6.3] AndroidManifest.xml:32:22-84
71    <uses-permission android:name="com.htc.launcher.permission.READ_SETTINGS" />
71-->[com.onesignal:OneSignal:4.6.3] AndroidManifest.xml:33:5-81
71-->[com.onesignal:OneSignal:4.6.3] AndroidManifest.xml:33:22-78
72    <uses-permission android:name="com.htc.launcher.permission.UPDATE_SHORTCUT" /> <!-- Sony -->
72-->[com.onesignal:OneSignal:4.6.3] AndroidManifest.xml:34:5-83
72-->[com.onesignal:OneSignal:4.6.3] AndroidManifest.xml:34:22-80
73    <uses-permission android:name="com.sonyericsson.home.permission.BROADCAST_BADGE" />
73-->[com.onesignal:OneSignal:4.6.3] AndroidManifest.xml:35:5-88
73-->[com.onesignal:OneSignal:4.6.3] AndroidManifest.xml:35:22-85
74    <uses-permission android:name="com.sonymobile.home.permission.PROVIDER_INSERT_BADGE" /> <!-- Apex -->
74-->[com.onesignal:OneSignal:4.6.3] AndroidManifest.xml:36:5-92
74-->[com.onesignal:OneSignal:4.6.3] AndroidManifest.xml:36:22-89
75    <uses-permission android:name="com.anddoes.launcher.permission.UPDATE_COUNT" /> <!-- Solid -->
75-->[com.onesignal:OneSignal:4.6.3] AndroidManifest.xml:37:5-84
75-->[com.onesignal:OneSignal:4.6.3] AndroidManifest.xml:37:22-81
76    <uses-permission android:name="com.majeur.launcher.permission.UPDATE_BADGE" /> <!-- Huawei -->
76-->[com.onesignal:OneSignal:4.6.3] AndroidManifest.xml:38:5-83
76-->[com.onesignal:OneSignal:4.6.3] AndroidManifest.xml:38:22-80
77    <uses-permission android:name="com.huawei.android.launcher.permission.CHANGE_BADGE" />
77-->[com.onesignal:OneSignal:4.6.3] AndroidManifest.xml:39:5-91
77-->[com.onesignal:OneSignal:4.6.3] AndroidManifest.xml:39:22-88
78    <uses-permission android:name="com.huawei.android.launcher.permission.READ_SETTINGS" />
78-->[com.onesignal:OneSignal:4.6.3] AndroidManifest.xml:40:5-92
78-->[com.onesignal:OneSignal:4.6.3] AndroidManifest.xml:40:22-89
79    <uses-permission android:name="com.huawei.android.launcher.permission.WRITE_SETTINGS" /> <!-- ZUK -->
79-->[com.onesignal:OneSignal:4.6.3] AndroidManifest.xml:41:5-93
79-->[com.onesignal:OneSignal:4.6.3] AndroidManifest.xml:41:22-90
80    <uses-permission android:name="android.permission.READ_APP_BADGE" /> <!-- OPPO -->
80-->[com.onesignal:OneSignal:4.6.3] AndroidManifest.xml:42:5-73
80-->[com.onesignal:OneSignal:4.6.3] AndroidManifest.xml:42:22-70
81    <uses-permission android:name="com.oppo.launcher.permission.READ_SETTINGS" />
81-->[com.onesignal:OneSignal:4.6.3] AndroidManifest.xml:43:5-82
81-->[com.onesignal:OneSignal:4.6.3] AndroidManifest.xml:43:22-79
82    <uses-permission android:name="com.oppo.launcher.permission.WRITE_SETTINGS" /> <!-- EvMe -->
82-->[com.onesignal:OneSignal:4.6.3] AndroidManifest.xml:44:5-83
82-->[com.onesignal:OneSignal:4.6.3] AndroidManifest.xml:44:22-80
83    <uses-permission android:name="me.everything.badger.permission.BADGE_COUNT_READ" />
83-->[com.onesignal:OneSignal:4.6.3] AndroidManifest.xml:45:5-88
83-->[com.onesignal:OneSignal:4.6.3] AndroidManifest.xml:45:22-85
84    <uses-permission android:name="me.everything.badger.permission.BADGE_COUNT_WRITE" />
84-->[com.onesignal:OneSignal:4.6.3] AndroidManifest.xml:46:5-89
84-->[com.onesignal:OneSignal:4.6.3] AndroidManifest.xml:46:22-86
85    <uses-permission android:name="android.permission.FOREGROUND_SERVICE" />
85-->[androidx.work:work-runtime:2.6.0] AndroidManifest.xml:28:5-77
85-->[androidx.work:work-runtime:2.6.0] AndroidManifest.xml:28:22-74
86
87    <application
87-->src\main\AndroidManifest.xml:5:5-36:19
88        android:allowBackup="true"
88-->src\main\AndroidManifest.xml:6:9-35
89        android:appComponentFactory="androidx.core.app.CoreComponentFactory"
89-->[androidx.core:core:1.6.0] AndroidManifest.xml:24:18-86
90        android:debuggable="true"
91        android:icon="@mipmap/ic_launcher"
91-->src\main\AndroidManifest.xml:7:9-43
92        android:label="@string/app_name"
92-->src\main\AndroidManifest.xml:8:9-41
93        android:roundIcon="@mipmap/ic_launcher_round"
93-->src\main\AndroidManifest.xml:9:9-54
94        android:supportsRtl="true"
94-->src\main\AndroidManifest.xml:10:9-35
95        android:testOnly="true"
96        android:theme="@style/AppTheme" >
96-->src\main\AndroidManifest.xml:11:9-40
97        <activity
97-->src\main\AndroidManifest.xml:13:9-25:20
98            android:name="io.ionic.starter.MainActivity"
98-->src\main\AndroidManifest.xml:15:13-57
99            android:configChanges="orientation|keyboardHidden|keyboard|screenSize|locale|smallestScreenSize|screenLayout|uiMode"
99-->src\main\AndroidManifest.xml:14:13-129
100            android:label="@string/title_activity_main"
100-->src\main\AndroidManifest.xml:16:13-56
101            android:launchMode="singleTask"
101-->src\main\AndroidManifest.xml:18:13-44
102            android:theme="@style/AppTheme.NoActionBarLaunch" >
102-->src\main\AndroidManifest.xml:17:13-62
103            <intent-filter>
103-->src\main\AndroidManifest.xml:20:13-23:29
104                <action android:name="android.intent.action.MAIN" />
104-->src\main\AndroidManifest.xml:21:17-69
104-->src\main\AndroidManifest.xml:21:25-66
105
106                <category android:name="android.intent.category.LAUNCHER" />
106-->src\main\AndroidManifest.xml:22:17-77
106-->src\main\AndroidManifest.xml:22:27-74
107            </intent-filter>
108        </activity>
109
110        <provider
111            android:name="androidx.core.content.FileProvider"
111-->src\main\AndroidManifest.xml:28:13-62
112            android:authorities="io.ionic.starter.fileprovider"
112-->src\main\AndroidManifest.xml:29:13-64
113            android:exported="false"
113-->src\main\AndroidManifest.xml:30:13-37
114            android:grantUriPermissions="true" >
114-->src\main\AndroidManifest.xml:31:13-47
115            <meta-data
115-->src\main\AndroidManifest.xml:32:13-34:64
116                android:name="android.support.FILE_PROVIDER_PATHS"
116-->src\main\AndroidManifest.xml:33:17-67
117                android:resource="@xml/file_paths" />
117-->src\main\AndroidManifest.xml:34:17-51
118        </provider>
119        <provider
119-->[:capacitor-cordova-android-plugins] AndroidManifest.xml:54:9-62:20
120            android:name="org.apache.cordova.camera.FileProvider"
120-->[:capacitor-cordova-android-plugins] AndroidManifest.xml:55:13-66
121            android:authorities="io.ionic.starter.cordova.plugin.camera.provider"
121-->[:capacitor-cordova-android-plugins] AndroidManifest.xml:56:13-82
122            android:exported="false"
122-->[:capacitor-cordova-android-plugins] AndroidManifest.xml:57:13-37
123            android:grantUriPermissions="true" >
123-->[:capacitor-cordova-android-plugins] AndroidManifest.xml:58:13-47
124            <meta-data
124-->src\main\AndroidManifest.xml:32:13-34:64
125                android:name="android.support.FILE_PROVIDER_PATHS"
125-->src\main\AndroidManifest.xml:33:17-67
126                android:resource="@xml/camera_provider_paths" />
126-->src\main\AndroidManifest.xml:34:17-51
127        </provider>
128
129        <receiver
129-->[:capacitor-cordova-android-plugins] AndroidManifest.xml:64:9-70:20
130            android:name="nl.xservices.plugins.ShareChooserPendingIntent"
130-->[:capacitor-cordova-android-plugins] AndroidManifest.xml:65:13-74
131            android:enabled="true" >
131-->[:capacitor-cordova-android-plugins] AndroidManifest.xml:66:13-35
132            <intent-filter>
132-->[:capacitor-cordova-android-plugins] AndroidManifest.xml:67:13-69:29
133                <action android:name="android.intent.action.SEND" />
133-->[:capacitor-cordova-android-plugins] AndroidManifest.xml:68:17-69
133-->[:capacitor-cordova-android-plugins] AndroidManifest.xml:68:25-66
134            </intent-filter>
135        </receiver>
136
137        <provider
137-->[:capacitor-cordova-android-plugins] AndroidManifest.xml:72:9-80:20
138            android:name="nl.xservices.plugins.FileProvider"
138-->[:capacitor-cordova-android-plugins] AndroidManifest.xml:73:13-61
139            android:authorities="io.ionic.starter.sharing.provider"
139-->[:capacitor-cordova-android-plugins] AndroidManifest.xml:74:13-68
140            android:exported="false"
140-->[:capacitor-cordova-android-plugins] AndroidManifest.xml:75:13-37
141            android:grantUriPermissions="true" >
141-->[:capacitor-cordova-android-plugins] AndroidManifest.xml:76:13-47
142            <meta-data
142-->src\main\AndroidManifest.xml:32:13-34:64
143                android:name="android.support.FILE_PROVIDER_PATHS"
143-->src\main\AndroidManifest.xml:33:17-67
144                android:resource="@xml/sharing_paths" />
144-->src\main\AndroidManifest.xml:34:17-51
145        </provider>
146
147        <meta-data
147-->[:capacitor-cordova-android-plugins] AndroidManifest.xml:82:9-84:71
148            android:name="com.google.android.geo.API_KEY"
148-->[:capacitor-cordova-android-plugins] AndroidManifest.xml:83:13-58
149            android:value="AIzaSyBXECpwsVYRzUwhzFSn8y9y263r8oT2hds" />
149-->[:capacitor-cordova-android-plugins] AndroidManifest.xml:84:13-68
150        <meta-data
150-->[:capacitor-cordova-android-plugins] AndroidManifest.xml:85:9-87:69
151            android:name="com.google.android.gms.version"
151-->[:capacitor-cordova-android-plugins] AndroidManifest.xml:86:13-58
152            android:value="@integer/google_play_services_version" />
152-->[:capacitor-cordova-android-plugins] AndroidManifest.xml:87:13-66
153
154        <uses-library
154-->[:capacitor-cordova-android-plugins] AndroidManifest.xml:89:9-91:40
155            android:name="org.apache.http.legacy"
155-->[:capacitor-cordova-android-plugins] AndroidManifest.xml:90:13-50
156            android:required="false" />
156-->[:capacitor-cordova-android-plugins] AndroidManifest.xml:91:13-37
157
158        <receiver
158-->[com.onesignal:OneSignal:4.6.3] AndroidManifest.xml:49:9-60:20
159            android:name="com.onesignal.FCMBroadcastReceiver"
159-->[com.onesignal:OneSignal:4.6.3] AndroidManifest.xml:50:13-62
160            android:exported="true"
160-->[com.onesignal:OneSignal:4.6.3] AndroidManifest.xml:51:13-36
161            android:permission="com.google.android.c2dm.permission.SEND" >
161-->[com.onesignal:OneSignal:4.6.3] AndroidManifest.xml:52:13-73
162
163            <!-- High priority so OneSignal payloads can be filtered from other FCM receivers -->
164            <intent-filter android:priority="999" >
164-->[com.onesignal:OneSignal:4.6.3] AndroidManifest.xml:55:13-59:29
164-->[com.onesignal:OneSignal:4.6.3] AndroidManifest.xml:55:28-50
165                <action android:name="com.google.android.c2dm.intent.RECEIVE" />
165-->[com.onesignal:OneSignal:4.6.3] AndroidManifest.xml:56:17-81
165-->[com.onesignal:OneSignal:4.6.3] AndroidManifest.xml:56:25-78
166
167                <category android:name="io.ionic.starter" />
167-->[com.onesignal:OneSignal:4.6.3] AndroidManifest.xml:58:17-61
167-->[com.onesignal:OneSignal:4.6.3] AndroidManifest.xml:58:27-58
168            </intent-filter>
169        </receiver>
170
171        <service
171-->[com.onesignal:OneSignal:4.6.3] AndroidManifest.xml:62:9-68:19
172            android:name="com.onesignal.HmsMessageServiceOneSignal"
172-->[com.onesignal:OneSignal:4.6.3] AndroidManifest.xml:63:13-68
173            android:exported="false" >
173-->[com.onesignal:OneSignal:4.6.3] AndroidManifest.xml:64:13-37
174            <intent-filter>
174-->[com.onesignal:OneSignal:4.6.3] AndroidManifest.xml:65:13-67:29
175                <action android:name="com.huawei.push.action.MESSAGING_EVENT" />
175-->[com.onesignal:OneSignal:4.6.3] AndroidManifest.xml:66:17-81
175-->[com.onesignal:OneSignal:4.6.3] AndroidManifest.xml:66:25-78
176            </intent-filter>
177        </service>
178
179        <activity
179-->[com.onesignal:OneSignal:4.6.3] AndroidManifest.xml:70:9-78:20
180            android:name="com.onesignal.NotificationOpenedActivityHMS"
180-->[com.onesignal:OneSignal:4.6.3] AndroidManifest.xml:71:13-71
181            android:exported="true"
181-->[com.onesignal:OneSignal:4.6.3] AndroidManifest.xml:72:13-36
182            android:noHistory="true"
182-->[com.onesignal:OneSignal:4.6.3] AndroidManifest.xml:73:13-37
183            android:theme="@android:style/Theme.Translucent.NoTitleBar" >
183-->[com.onesignal:OneSignal:4.6.3] AndroidManifest.xml:74:13-72
184            <intent-filter>
184-->[com.onesignal:OneSignal:4.6.3] AndroidManifest.xml:75:13-77:29
185                <action android:name="android.intent.action.VIEW" />
185-->[com.onesignal:OneSignal:4.6.3] AndroidManifest.xml:76:17-69
185-->[com.onesignal:OneSignal:4.6.3] AndroidManifest.xml:76:25-66
186            </intent-filter>
187        </activity>
188
189        <service
189-->[com.onesignal:OneSignal:4.6.3] AndroidManifest.xml:80:9-82:40
190            android:name="com.onesignal.FCMIntentService"
190-->[com.onesignal:OneSignal:4.6.3] AndroidManifest.xml:81:13-58
191            android:exported="false" />
191-->[com.onesignal:OneSignal:4.6.3] AndroidManifest.xml:82:13-37
192        <service
192-->[com.onesignal:OneSignal:4.6.3] AndroidManifest.xml:83:9-86:72
193            android:name="com.onesignal.FCMIntentJobService"
193-->[com.onesignal:OneSignal:4.6.3] AndroidManifest.xml:84:13-61
194            android:exported="false"
194-->[com.onesignal:OneSignal:4.6.3] AndroidManifest.xml:85:13-37
195            android:permission="android.permission.BIND_JOB_SERVICE" />
195-->[com.onesignal:OneSignal:4.6.3] AndroidManifest.xml:86:13-69
196        <service
196-->[com.onesignal:OneSignal:4.6.3] AndroidManifest.xml:87:9-90:43
197            android:name="com.onesignal.FocusDelaySyncService"
197-->[com.onesignal:OneSignal:4.6.3] AndroidManifest.xml:88:13-63
198            android:exported="false"
198-->[com.onesignal:OneSignal:4.6.3] AndroidManifest.xml:89:13-37
199            android:stopWithTask="true" />
199-->[com.onesignal:OneSignal:4.6.3] AndroidManifest.xml:90:13-40
200        <service
200-->[com.onesignal:OneSignal:4.6.3] AndroidManifest.xml:91:9-94:72
201            android:name="com.onesignal.FocusDelaySyncJobService"
201-->[com.onesignal:OneSignal:4.6.3] AndroidManifest.xml:92:13-66
202            android:exported="false"
202-->[com.onesignal:OneSignal:4.6.3] AndroidManifest.xml:93:13-37
203            android:permission="android.permission.BIND_JOB_SERVICE" />
203-->[com.onesignal:OneSignal:4.6.3] AndroidManifest.xml:94:13-69
204        <service
204-->[com.onesignal:OneSignal:4.6.3] AndroidManifest.xml:95:9-98:43
205            android:name="com.onesignal.SyncService"
205-->[com.onesignal:OneSignal:4.6.3] AndroidManifest.xml:96:13-53
206            android:exported="false"
206-->[com.onesignal:OneSignal:4.6.3] AndroidManifest.xml:97:13-37
207            android:stopWithTask="true" />
207-->[com.onesignal:OneSignal:4.6.3] AndroidManifest.xml:98:13-40
208        <service
208-->[com.onesignal:OneSignal:4.6.3] AndroidManifest.xml:99:9-102:72
209            android:name="com.onesignal.SyncJobService"
209-->[com.onesignal:OneSignal:4.6.3] AndroidManifest.xml:100:13-56
210            android:exported="false"
210-->[com.onesignal:OneSignal:4.6.3] AndroidManifest.xml:101:13-37
211            android:permission="android.permission.BIND_JOB_SERVICE" />
211-->[com.onesignal:OneSignal:4.6.3] AndroidManifest.xml:102:13-69
212
213        <activity
213-->[com.onesignal:OneSignal:4.6.3] AndroidManifest.xml:104:9-107:75
214            android:name="com.onesignal.PermissionsActivity"
214-->[com.onesignal:OneSignal:4.6.3] AndroidManifest.xml:105:13-61
215            android:exported="false"
215-->[com.onesignal:OneSignal:4.6.3] AndroidManifest.xml:106:13-37
216            android:theme="@android:style/Theme.Translucent.NoTitleBar" />
216-->[com.onesignal:OneSignal:4.6.3] AndroidManifest.xml:107:13-72
217
218        <receiver
218-->[com.onesignal:OneSignal:4.6.3] AndroidManifest.xml:109:9-111:39
219            android:name="com.onesignal.NotificationDismissReceiver"
219-->[com.onesignal:OneSignal:4.6.3] AndroidManifest.xml:110:13-69
220            android:exported="true" />
220-->[com.onesignal:OneSignal:4.6.3] AndroidManifest.xml:111:13-36
221        <receiver
221-->[com.onesignal:OneSignal:4.6.3] AndroidManifest.xml:112:9-119:20
222            android:name="com.onesignal.BootUpReceiver"
222-->[com.onesignal:OneSignal:4.6.3] AndroidManifest.xml:113:13-56
223            android:exported="true" >
223-->[com.onesignal:OneSignal:4.6.3] AndroidManifest.xml:114:13-36
224            <intent-filter>
224-->[com.onesignal:OneSignal:4.6.3] AndroidManifest.xml:115:13-118:29
225                <action android:name="android.intent.action.BOOT_COMPLETED" />
225-->[com.onesignal:OneSignal:4.6.3] AndroidManifest.xml:116:17-79
225-->[com.onesignal:OneSignal:4.6.3] AndroidManifest.xml:116:25-76
226                <action android:name="android.intent.action.QUICKBOOT_POWERON" />
226-->[com.onesignal:OneSignal:4.6.3] AndroidManifest.xml:117:17-82
226-->[com.onesignal:OneSignal:4.6.3] AndroidManifest.xml:117:25-79
227            </intent-filter>
228        </receiver>
229        <receiver
229-->[com.onesignal:OneSignal:4.6.3] AndroidManifest.xml:120:9-126:20
230            android:name="com.onesignal.UpgradeReceiver"
230-->[com.onesignal:OneSignal:4.6.3] AndroidManifest.xml:121:13-57
231            android:exported="true" >
231-->[com.onesignal:OneSignal:4.6.3] AndroidManifest.xml:122:13-36
232            <intent-filter>
232-->[com.onesignal:OneSignal:4.6.3] AndroidManifest.xml:123:13-125:29
233                <action android:name="android.intent.action.MY_PACKAGE_REPLACED" />
233-->[com.onesignal:OneSignal:4.6.3] AndroidManifest.xml:124:17-84
233-->[com.onesignal:OneSignal:4.6.3] AndroidManifest.xml:124:25-81
234            </intent-filter>
235        </receiver>
236
237        <activity
237-->[com.onesignal:OneSignal:4.6.3] AndroidManifest.xml:128:9-134:75
238            android:name="com.onesignal.NotificationOpenedReceiver"
238-->[com.onesignal:OneSignal:4.6.3] AndroidManifest.xml:129:13-68
239            android:excludeFromRecents="true"
239-->[com.onesignal:OneSignal:4.6.3] AndroidManifest.xml:130:13-46
240            android:exported="true"
240-->[com.onesignal:OneSignal:4.6.3] AndroidManifest.xml:131:13-36
241            android:noHistory="true"
241-->[com.onesignal:OneSignal:4.6.3] AndroidManifest.xml:132:13-37
242            android:taskAffinity=""
242-->[com.onesignal:OneSignal:4.6.3] AndroidManifest.xml:133:13-36
243            android:theme="@android:style/Theme.Translucent.NoTitleBar" />
243-->[com.onesignal:OneSignal:4.6.3] AndroidManifest.xml:134:13-72
244        <activity
244-->[com.onesignal:OneSignal:4.6.3] AndroidManifest.xml:135:9-140:75
245            android:name="com.onesignal.NotificationOpenedReceiverAndroid22AndOlder"
245-->[com.onesignal:OneSignal:4.6.3] AndroidManifest.xml:136:13-85
246            android:excludeFromRecents="true"
246-->[com.onesignal:OneSignal:4.6.3] AndroidManifest.xml:137:13-46
247            android:exported="true"
247-->[com.onesignal:OneSignal:4.6.3] AndroidManifest.xml:138:13-36
248            android:noHistory="true"
248-->[com.onesignal:OneSignal:4.6.3] AndroidManifest.xml:139:13-37
249            android:theme="@android:style/Theme.Translucent.NoTitleBar" />
249-->[com.onesignal:OneSignal:4.6.3] AndroidManifest.xml:140:13-72
250
251        <provider
251-->[androidx.work:work-runtime:2.6.0] AndroidManifest.xml:31:9-39:20
252            android:name="androidx.startup.InitializationProvider"
252-->[androidx.work:work-runtime:2.6.0] AndroidManifest.xml:32:13-67
253            android:authorities="io.ionic.starter.androidx-startup"
253-->[androidx.work:work-runtime:2.6.0] AndroidManifest.xml:33:13-68
254            android:exported="false" >
254-->[androidx.work:work-runtime:2.6.0] AndroidManifest.xml:34:13-37
255            <meta-data
255-->[androidx.work:work-runtime:2.6.0] AndroidManifest.xml:36:13-38:52
256                android:name="androidx.work.WorkManagerInitializer"
256-->[androidx.work:work-runtime:2.6.0] AndroidManifest.xml:37:17-68
257                android:value="androidx.startup" />
257-->[androidx.work:work-runtime:2.6.0] AndroidManifest.xml:38:17-49
258        </provider>
259
260        <service
260-->[androidx.work:work-runtime:2.6.0] AndroidManifest.xml:41:9-46:35
261            android:name="androidx.work.impl.background.systemalarm.SystemAlarmService"
261-->[androidx.work:work-runtime:2.6.0] AndroidManifest.xml:42:13-88
262            android:directBootAware="false"
262-->[androidx.work:work-runtime:2.6.0] AndroidManifest.xml:43:13-44
263            android:enabled="@bool/enable_system_alarm_service_default"
263-->[androidx.work:work-runtime:2.6.0] AndroidManifest.xml:44:13-72
264            android:exported="false" />
264-->[androidx.work:work-runtime:2.6.0] AndroidManifest.xml:45:13-37
265        <service
265-->[androidx.work:work-runtime:2.6.0] AndroidManifest.xml:47:9-53:35
266            android:name="androidx.work.impl.background.systemjob.SystemJobService"
266-->[androidx.work:work-runtime:2.6.0] AndroidManifest.xml:48:13-84
267            android:directBootAware="false"
267-->[androidx.work:work-runtime:2.6.0] AndroidManifest.xml:49:13-44
268            android:enabled="@bool/enable_system_job_service_default"
268-->[androidx.work:work-runtime:2.6.0] AndroidManifest.xml:50:13-70
269            android:exported="true"
269-->[androidx.work:work-runtime:2.6.0] AndroidManifest.xml:51:13-36
270            android:permission="android.permission.BIND_JOB_SERVICE" />
270-->[androidx.work:work-runtime:2.6.0] AndroidManifest.xml:52:13-69
271        <service
271-->[androidx.work:work-runtime:2.6.0] AndroidManifest.xml:54:9-59:35
272            android:name="androidx.work.impl.foreground.SystemForegroundService"
272-->[androidx.work:work-runtime:2.6.0] AndroidManifest.xml:55:13-81
273            android:directBootAware="false"
273-->[androidx.work:work-runtime:2.6.0] AndroidManifest.xml:56:13-44
274            android:enabled="@bool/enable_system_foreground_service_default"
274-->[androidx.work:work-runtime:2.6.0] AndroidManifest.xml:57:13-77
275            android:exported="false" />
275-->[androidx.work:work-runtime:2.6.0] AndroidManifest.xml:58:13-37
276
277        <receiver
277-->[androidx.work:work-runtime:2.6.0] AndroidManifest.xml:61:9-66:35
278            android:name="androidx.work.impl.utils.ForceStopRunnable$BroadcastReceiver"
278-->[androidx.work:work-runtime:2.6.0] AndroidManifest.xml:62:13-88
279            android:directBootAware="false"
279-->[androidx.work:work-runtime:2.6.0] AndroidManifest.xml:63:13-44
280            android:enabled="true"
280-->[androidx.work:work-runtime:2.6.0] AndroidManifest.xml:64:13-35
281            android:exported="false" />
281-->[androidx.work:work-runtime:2.6.0] AndroidManifest.xml:65:13-37
282        <receiver
282-->[androidx.work:work-runtime:2.6.0] AndroidManifest.xml:67:9-77:20